TN:
SF:src/config/auth.ts
FNF:0
FNH:0
DA:1,1
DA:2,1
DA:3,1
DA:4,1
DA:5,1
DA:6,1
LF:6
LH:6
BRF:0
BRH:0
end_of_record
TN:
SF:src/modules/users/repositories/in-memory/InMemoryUsersRepository.ts
FN:6,InMemoryUsersRepository
FN:9,Object.<anonymous>.InMemoryUsersRepository.findByEmail
FN:13,Object.<anonymous>.InMemoryUsersRepository.findById
FN:17,Object.<anonymous>.InMemoryUsersRepository.create
FNF:4
FNH:4
FNDA:7,InMemoryUsersRepository
FNDA:10,Object.<anonymous>.InMemoryUsersRepository.findByEmail
FNDA:2,Object.<anonymous>.InMemoryUsersRepository.findById
FNDA:5,Object.<anonymous>.InMemoryUsersRepository.create
DA:1,1
DA:2,1
DA:3,1
DA:4,1
DA:5,1
DA:6,7
DA:7,7
DA:8,7
DA:9,7
DA:10,10
DA:11,10
DA:12,7
DA:13,7
DA:14,2
DA:15,2
DA:16,7
DA:17,7
DA:18,5
DA:19,5
DA:20,5
DA:21,5
DA:22,5
DA:23,7
LF:23
LH:23
BRDA:6,0,0,3
BRDA:6,1,0,7
BRDA:9,2,0,10
BRDA:10,3,0,4
BRDA:13,4,0,2
BRDA:14,5,0,1
BRDA:17,6,0,5
BRF:7
BRH:7
end_of_record
TN:
SF:src/modules/users/useCases/authenticateUser/AuthenticateUserUseCase.ts
FN:18,AuthenticateUserUseCase
FN:23,Object.<anonymous>.AuthenticateUserUseCase.execute
FNF:2
FNH:2
FNDA:3,AuthenticateUserUseCase
FNDA:3,Object.<anonymous>.AuthenticateUserUseCase.execute
DA:1,1
DA:2,1
DA:3,1
DA:4,1
DA:5,1
DA:6,1
DA:7,1
DA:8,1
DA:9,1
DA:10,1
DA:11,1
DA:12,1
DA:13,1
DA:14,1
DA:15,1
DA:16,1
DA:17,1
DA:18,1
DA:19,3
DA:20,3
DA:21,3
DA:22,1
DA:23,1
DA:24,3
DA:25,3
DA:26,3
DA:27,1
DA:28,1
DA:29,2
DA:30,2
DA:31,3
DA:32,3
DA:33,1
DA:34,1
DA:35,1
DA:36,1
DA:37,1
DA:38,1
DA:39,1
DA:40,1
DA:41,1
DA:42,1
DA:43,1
DA:44,1
DA:45,1
DA:46,1
DA:47,1
DA:48,1
DA:49,1
DA:50,1
DA:51,3
DA:52,1
LF:52
LH:52
BRDA:17,0,0,1
BRDA:18,1,0,3
BRDA:23,2,0,3
BRDA:24,3,0,3
BRDA:26,4,0,1
BRDA:29,5,0,2
BRDA:32,6,0,1
BRF:7
BRH:7
end_of_record
TN:
SF:src/modules/users/useCases/authenticateUser/IncorrectEmailOrPasswordError.ts
FN:4,IncorrectEmailOrPasswordError
FNF:1
FNH:1
FNDA:4,IncorrectEmailOrPasswordError
DA:1,1
DA:2,1
DA:3,1
DA:4,1
DA:5,4
DA:6,4
DA:7,1
LF:7
LH:7
BRDA:3,0,0,1
BRDA:4,1,0,4
BRF:2
BRH:2
end_of_record
TN:
SF:src/modules/users/useCases/createUser/CreateUserError.ts
FN:4,CreateUserError
FNF:1
FNH:1
FNDA:2,CreateUserError
DA:1,1
DA:2,1
DA:3,3
DA:4,3
DA:5,2
DA:6,2
DA:7,3
LF:7
LH:7
BRDA:3,0,0,3
BRDA:4,1,0,2
BRF:2
BRH:2
end_of_record
TN:
SF:src/modules/users/useCases/createUser/CreateUserUseCase.ts
FN:11,CreateUserUseCase
FN:16,Object.<anonymous>.CreateUserUseCase.execute
FNF:2
FNH:2
FNDA:7,CreateUserUseCase
FNDA:6,Object.<anonymous>.CreateUserUseCase.execute
DA:1,1
DA:2,1
DA:3,1
DA:4,1
DA:5,1
DA:6,1
DA:7,1
DA:8,1
DA:9,1
DA:10,3
DA:11,3
DA:12,7
DA:13,7
DA:14,7
DA:15,3
DA:16,3
DA:17,6
DA:18,6
DA:19,6
DA:20,1
DA:21,1
DA:22,5
DA:23,5
DA:24,6
DA:25,6
DA:26,6
DA:27,6
DA:28,6
DA:29,6
DA:30,6
DA:31,6
DA:32,6
DA:33,3
LF:33
LH:33
BRDA:10,0,0,3
BRDA:11,1,0,7
BRDA:16,2,0,6
BRDA:17,3,0,6
BRDA:19,4,0,1
BRDA:22,5,0,5
BRF:6
BRH:6
end_of_record
TN:
SF:src/modules/users/useCases/showUserProfile/ShowUserProfileUseCase.ts
FN:8,ShowUserProfileUseCase
FN:13,Object.<anonymous>.ShowUserProfileUseCase.execute
FNF:2
FNH:2
FNDA:2,ShowUserProfileUseCase
FNDA:2,Object.<anonymous>.ShowUserProfileUseCase.execute
DA:1,1
DA:2,1
DA:3,1
DA:4,1
DA:5,1
DA:6,1
DA:7,1
DA:8,1
DA:9,2
DA:10,2
DA:11,2
DA:12,1
DA:13,1
DA:14,2
DA:15,2
DA:16,2
DA:17,1
DA:18,1
DA:19,1
DA:20,1
DA:21,2
DA:22,1
LF:22
LH:22
BRDA:7,0,0,1
BRDA:8,1,0,2
BRDA:13,2,0,2
BRDA:14,3,0,2
BRDA:16,4,0,1
BRF:5
BRH:5
end_of_record
TN:
SF:src/shared/errors/AppError.ts
FN:6,AppError
FNF:1
FNH:1
FNDA:7,AppError
DA:1,3
DA:2,3
DA:3,3
DA:4,3
DA:5,3
DA:6,3
DA:7,7
DA:8,7
DA:9,7
DA:10,3
LF:10
LH:10
BRDA:1,0,0,3
BRDA:6,1,0,7
BRDA:6,2,0,2
BRF:3
BRH:3
end_of_record
